host: eduroam-170-223.nomadic.bris.ac.uk
Building DAG of jobs...
Using shell: /bin/bash
Provided cores: 1 (use --cores to define parallelism)
Rules claiming more threads will be scaled down.
Job stats:
job      count
-----  -------
all          1
check        1
total        2

Select jobs to execute...
Execute 1 jobs...

[Thu Oct 31 16:09:52 2024]
localrule check:
    input: data/original/BMX_D.csv
    output: data/derived/log.txt
    jobid: 1
    reason: Missing output files: data/derived/log.txt
    resources: tmpdir=/var/folders/vx/wkck12m52yd6lfv0cjws065w0000gn/T

[Thu Oct 31 16:09:52 2024]
Finished job 1.
1 of 2 steps (50%) done
Select jobs to execute...
Execute 1 jobs...

[Thu Oct 31 16:09:52 2024]
localrule all:
    input: data/derived/log.txt
    jobid: 0
    reason: Input files updated by another job: data/derived/log.txt
    resources: tmpdir=/var/folders/vx/wkck12m52yd6lfv0cjws065w0000gn/T

[Thu Oct 31 16:09:52 2024]
Finished job 0.
2 of 2 steps (100%) done
Complete log: .snakemake/log/2024-10-31T160952.606142.snakemake.log
