host: eduroam-170-223.nomadic.bris.ac.uk
Building DAG of jobs...
Using shell: /bin/bash
Provided cores: 1 (use --cores to define parallelism)
Rules claiming more threads will be scaled down.
Job stats:
job      count
-----  -------
all          1
total        1

Select jobs to execute...
Execute 1 jobs...

[Thu Oct 31 15:48:15 2024]
localrule all:
    input: data/original/BMX_D.csv
    output: data/derived/log.txt
    jobid: 0
    reason: Missing output files: data/derived/log.txt
    resources: tmpdir=/var/folders/vx/wkck12m52yd6lfv0cjws065w0000gn/T

[Thu Oct 31 15:48:15 2024]
Error in rule all:
    jobid: 0
    input: data/original/BMX_D.csv
    output: data/derived/log.txt
    shell:
        
    bash 1-data-check-bm.sh data/original/BMX_D.csv  > data/derived/log.txt
    
        (one of the commands exited with non-zero exit code; note that snakemake uses bash strict mode!)

Removing output files of failed job all since they might be corrupted:
data/derived/log.txt
Shutting down, this might take some time.
Exiting because a job execution failed. Look above for error message
Complete log: .snakemake/log/2024-10-31T154815.614763.snakemake.log
WorkflowError:
At least one job did not complete successfully.
