host: eduroam-170-223.nomadic.bris.ac.uk
Building DAG of jobs...
Using shell: /bin/bash
Provided cores: 1 (use --cores to define parallelism)
Rules claiming more threads will be scaled down.
Job stats:
job            count
-----------  -------
all                1
check_accel        1
check_bm           1
total              3

Select jobs to execute...
Execute 1 jobs...

[Thu Oct 31 16:33:53 2024]
localrule check_bm:
    input: data/original/BMX_D.csv
    output: data/derived/log-bm.txt
    jobid: 1
    reason: Missing output files: data/derived/log-bm.txt
    resources: tmpdir=/var/folders/vx/wkck12m52yd6lfv0cjws065w0000gn/T

[Thu Oct 31 16:33:53 2024]
Finished job 1.
1 of 3 steps (33%) done
Select jobs to execute...
Execute 1 jobs...

[Thu Oct 31 16:33:53 2024]
localrule check_accel:
    input: data/original/accel/accel-31132.txt
    output: data/derived/log-accel.txt
    jobid: 2
    reason: Missing output files: data/derived/log-accel.txt
    resources: tmpdir=/var/folders/vx/wkck12m52yd6lfv0cjws065w0000gn/T

[Thu Oct 31 16:36:08 2024]
Finished job 2.
2 of 3 steps (67%) done
Select jobs to execute...
Execute 1 jobs...

[Thu Oct 31 16:36:08 2024]
localrule all:
    input: data/derived/log-bm.txt, data/derived/log-accel.txt
    jobid: 0
    reason: Input files updated by another job: data/derived/log-bm.txt, data/derived/log-accel.txt
    resources: tmpdir=/var/folders/vx/wkck12m52yd6lfv0cjws065w0000gn/T

[Thu Oct 31 16:36:08 2024]
Finished job 0.
3 of 3 steps (100%) done
Complete log: .snakemake/log/2024-10-31T163351.354227.snakemake.log
